2021/01/10/15:05
업데이트를 시작하겠습니다.
워프레임 업데이트 중입니다.....
loki_prime_set 업데이트를 하였습니다.
0% 완료했습니다. 시간: 3초
dethcube_prime_set 업데이트를 하였습니다.
3% 완료했습니다. 시간: 5초
wyrm_prime_set 업데이트를 하였습니다.
6% 완료했습니다. 시간: 7초
helios_prime_set 업데이트를 하였습니다.
9% 완료했습니다. 시간: 8초
carrier_prime_set 업데이트를 하였습니다.
12% 완료했습니다. 시간: 10초
nezha_prime_set 업데이트를 하였습니다.
15% 완료했습니다. 시간: 12초
titania_prime_set 업데이트를 하였습니다.
18% 완료했습니다. 시간: 13초
equinox_prime_set 업데이트를 하였습니다.
21% 완료했습니다. 시간: 16초
rhino_prime_set 업데이트를 하였습니다.
24% 완료했습니다. 시간: 19초
mesa_prime_set 업데이트를 하였습니다.
27% 완료했습니다. 시간: 22초
ember_prime_set 업데이트를 하였습니다.
30% 완료했습니다. 시간: 25초
limbo_prime_set 업데이트를 하였습니다.
33% 완료했습니다. 시간: 28초
ivara_prime_set 업데이트를 하였습니다.
36% 완료했습니다. 시간: 30초
chroma_prime_set 업데이트를 하였습니다.
39% 완료했습니다. 시간: 33초
nyx_prime_set 업데이트를 하였습니다.
42% 완료했습니다. 시간: 35초
frost_prime_set 업데이트를 하였습니다.
45% 완료했습니다. 시간: 37초
trinity_prime_set 업데이트를 하였습니다.
48% 완료했습니다. 시간: 39초
hydroid_prime_set 업데이트를 하였습니다.
52% 완료했습니다. 시간: 42초
nova_prime_set 업데이트를 하였습니다.
55% 완료했습니다. 시간: 45초
saryn_prime_set 업데이트를 하였습니다.
58% 완료했습니다. 시간: 48초
mirage_prime_set 업데이트를 하였습니다.
61% 완료했습니다. 시간: 51초
valkyr_prime_set 업데이트를 하였습니다.
64% 완료했습니다. 시간: 53초
mag_prime_set 업데이트를 하였습니다.
67% 완료했습니다. 시간: 57초
ash_prime_set 업데이트를 하였습니다.
70% 완료했습니다. 시간: 59초
zephyr_prime_set 업데이트를 하였습니다.
73% 완료했습니다. 시간: 62초
wukong_prime_set 업데이트를 하였습니다.
76% 완료했습니다. 시간: 64초
vauban_prime_set 업데이트를 하였습니다.
79% 완료했습니다. 시간: 67초
banshee_prime_set 업데이트를 하였습니다.
82% 완료했습니다. 시간: 69초
oberon_prime_set 업데이트를 하였습니다.
85% 완료했습니다. 시간: 72초
nekros_prime_set 업데이트를 하였습니다.
88% 완료했습니다. 시간: 75초
volt_prime_set 업데이트를 하였습니다.
91% 완료했습니다. 시간: 78초
atlas_prime_set 업데이트를 하였습니다.
94% 완료했습니다. 시간: 81초
inaros_prime_set 업데이트를 하였습니다.
97% 완료했습니다. 시간: 83초
업데이트가 모두 완료했습니다.
무기 업데이트 중입니다.....
baza_prime_set 업데이트를 하였습니다.
0% 완료했습니다. 시간: 3초
guandao_prime_set 업데이트를 하였습니다.
1% 완료했습니다. 시간: 4초
stropha_set 업데이트를 하였습니다.
3% 완료했습니다. 시간: 6초
stahlta_set 업데이트를 하였습니다.
4% 완료했습니다. 시간: 8초
zakti_prime_set 업데이트를 하였습니다.
5% 완료했습니다. 시간: 9초
pangolin_prime_set 업데이트를 하였습니다.
7% 완료했습니다. 시간: 12초
corinth_prime_set 업데이트를 하였습니다.
8% 완료했습니다. 시간: 14초
boar_prime_set 업데이트를 하였습니다.
9% 완료했습니다. 시간: 17초
boltor_prime_set 업데이트를 하였습니다.
11% 완료했습니다. 시간: 19초
braton_prime_set 업데이트를 하였습니다.
12% 완료했습니다. 시간: 23초
burston_prime_set 업데이트를 하였습니다.
13% 완료했습니다. 시간: 25초
cernos_prime_set 업데이트를 하였습니다.
15% 완료했습니다. 시간: 28초
latron_prime_set 업데이트를 하였습니다.
16% 완료했습니다. 시간: 31초
paris_prime_set 업데이트를 하였습니다.
17% 완료했습니다. 시간: 34초
rubico_prime_set 업데이트를 하였습니다.
19% 완료했습니다. 시간: 37초
soma_prime_set 업데이트를 하였습니다.
20% 완료했습니다. 시간: 39초
stradavar_prime_set 업데이트를 하였습니다.
21% 완료했습니다. 시간: 42초
sybaris_prime_set 업데이트를 하였습니다.
23% 완료했습니다. 시간: 45초
tiberon_prime_set 업데이트를 하였습니다.
24% 완료했습니다. 시간: 47초
tigris_prime_set 업데이트를 하였습니다.
25% 완료했습니다. 시간: 50초
vectis_prime_set 업데이트를 하였습니다.
27% 완료했습니다. 시간: 53초
zhuge_prime_set 업데이트를 하였습니다.
28% 완료했습니다. 시간: 56초
akbolto_prime_set 업데이트를 하였습니다.
29% 완료했습니다. 시간: 59초
akbronco_prime_set 업데이트를 하였습니다.
31% 완료했습니다. 시간: 63초
akjagara_prime_set 업데이트를 하였습니다.
32% 완료했습니다. 시간: 65초
aklex_prime_set 업데이트를 하였습니다.
33% 완료했습니다. 시간: 68초
aksomati_prime_set 업데이트를 하였습니다.
35% 완료했습니다. 시간: 70초
akstiletto_prime_set 업데이트를 하였습니다.
36% 완료했습니다. 시간: 72초
akvasto_prime_set 업데이트를 하였습니다.
37% 완료했습니다. 시간: 75초
ballistica_prime_set 업데이트를 하였습니다.
39% 완료했습니다. 시간: 78초
bronco_prime_set 업데이트를 하였습니다.
40% 완료했습니다. 시간: 81초
euphona_prime_set 업데이트를 하였습니다.
41% 완료했습니다. 시간: 83초
hikou_prime_set 업데이트를 하였습니다.
43% 완료했습니다. 시간: 86초
lex_prime_set 업데이트를 하였습니다.
44% 완료했습니다. 시간: 88초
pyrana_prime_set 업데이트를 하였습니다.
45% 완료했습니다. 시간: 91초
sicarus_prime_set 업데이트를 하였습니다.
47% 완료했습니다. 시간: 94초
spira_prime_set 업데이트를 하였습니다.
48% 완료했습니다. 시간: 96초
vasto_prime_set 업데이트를 하였습니다.
49% 완료했습니다. 시간: 99초
ankyros_prime_set 업데이트를 하였습니다.
51% 완료했습니다. 시간: 102초
dakra_prime_set 업데이트를 하였습니다.
52% 완료했습니다. 시간: 105초
destreza_prime_set 업데이트를 하였습니다.
53% 완료했습니다. 시간: 107초
dual_kamas_prime_set 업데이트를 하였습니다.
55% 완료했습니다. 시간: 110초
fang_prime_set 업데이트를 하였습니다.
56% 완료했습니다. 시간: 113초
fragor_prime_set 업데이트를 하였습니다.
57% 완료했습니다. 시간: 116초
galatine_prime_set 업데이트를 하였습니다.
59% 완료했습니다. 시간: 119초
glaive_prime_set 업데이트를 하였습니다.
60% 완료했습니다. 시간: 122초
gram_prime_set 업데이트를 하였습니다.
61% 완료했습니다. 시간: 124초
kogake_prime_set 업데이트를 하였습니다.
63% 완료했습니다. 시간: 127초
kronen_prime_set 업데이트를 하였습니다.
64% 완료했습니다. 시간: 130초
nami_skyla_prime_set 업데이트를 하였습니다.
65% 완료했습니다. 시간: 133초
nikana_prime_set 업데이트를 하였습니다.
67% 완료했습니다. 시간: 136초
ninkondi_prime_set 업데이트를 하였습니다.
68% 완료했습니다. 시간: 138초
orthos_prime_set 업데이트를 하였습니다.
69% 완료했습니다. 시간: 141초
reaper_prime_set 업데이트를 하였습니다.
71% 완료했습니다. 시간: 144초
redeemer_prime_set 업데이트를 하였습니다.
72% 완료했습니다. 시간: 147초
scindo_prime_set 업데이트를 하였습니다.
73% 완료했습니다. 시간: 149초
silva_and_aegis_prime_set 업데이트를 하였습니다.
75% 완료했습니다. 시간: 152초
tekko_prime_set 업데이트를 하였습니다.
76% 완료했습니다. 시간: 154초
tipedo_prime_set 업데이트를 하였습니다.
77% 완료했습니다. 시간: 156초
venka_prime_set 업데이트를 하였습니다.
79% 완료했습니다. 시간: 159초
shedu_set 업데이트를 하였습니다.
80% 완료했습니다. 시간: 161초
braton_vandal_set 업데이트를 하였습니다.
81% 완료했습니다. 시간: 163초
dera_vandal_set 업데이트를 하였습니다.
83% 완료했습니다. 시간: 166초
karak_wraith_set 업데이트를 하였습니다.
84% 완료했습니다. 시간: 168초
gorgon_wraith_set 업데이트를 하였습니다.
85% 완료했습니다. 시간: 170초
latron_wraith_set 업데이트를 하였습니다.
87% 완료했습니다. 시간: 173초
strun_wraith_set 업데이트를 하였습니다.
88% 완료했습니다. 시간: 175초
snipetron_vandal_set 업데이트를 하였습니다.
89% 완료했습니다. 시간: 178초
lato_vandal_set 업데이트를 하였습니다.
91% 완료했습니다. 시간: 181초
twin_vipers_wraith_set 업데이트를 하였습니다.
92% 완료했습니다. 시간: 183초
furax_wraith_set 업데이트를 하였습니다.
93% 완료했습니다. 시간: 186초
pathocyst_set 업데이트를 하였습니다.
95% 완료했습니다. 시간: 188초
imperator_vandal_set 업데이트를 하였습니다.
96% 완료했습니다. 시간: 191초
panthera_prime_set 업데이트를 하였습니다.
97% 완료했습니다. 시간: 193초
karyst_prime_set 업데이트를 하였습니다.
99% 완료했습니다. 시간: 195초
업데이트가 모두 완료했습니다.
기타 무기 업데이트 중입니다.....
rakta_cernos 업데이트를 하였습니다.
0% 완료했습니다. 시간: 3초
basmu_blueprint 업데이트를 하였습니다.
2% 완료했습니다. 시간: 4초
ceti_lacera_blueprint 업데이트를 하였습니다.
3% 완료했습니다. 시간: 5초
melee_riven_mod_(veiled) 업데이트를 하였습니다.
5% 완료했습니다. 시간: 6초
pistol_riven_mod_(veiled) 업데이트를 하였습니다.
7% 완료했습니다. 시간: 8초
rifle_riven_mod_(veiled) 업데이트를 하였습니다.
9% 완료했습니다. 시간: 9초
zaw_riven_mod_(veiled) 업데이트를 하였습니다.
10% 완료했습니다. 시간: 11초
shotgun_riven_mod_(veiled) 업데이트를 하였습니다.
12% 완료했습니다. 시간: 13초
kitgun_riven_mod_(veiled) 업데이트를 하였습니다.
14% 완료했습니다. 시간: 14초
xata 업데이트를 하였습니다.
16% 완료했습니다. 시간: 15초
jahu 업데이트를 하였습니다.
17% 완료했습니다. 시간: 17초
vome 업데이트를 하였습니다.
19% 완료했습니다. 시간: 19초
fass 업데이트를 하였습니다.
21% 완료했습니다. 시간: 21초
ris 업데이트를 하였습니다.
22% 완료했습니다. 시간: 22초
khra 업데이트를 하였습니다.
24% 완료했습니다. 시간: 24초
netra 업데이트를 하였습니다.
26% 완료했습니다. 시간: 25초
lohk 업데이트를 하였습니다.
28% 완료했습니다. 시간: 27초
legendary_fusion_core 업데이트를 하였습니다.
29% 완료했습니다. 시간: 29초
prisma_shade 업데이트를 하였습니다.
31% 완료했습니다. 시간: 30초
prisma_gorgon 업데이트를 하였습니다.
33% 완료했습니다. 시간: 32초
vengeful_shockwave_(kuva_lich_ephemera) 업데이트를 하였습니다.
34% 완료했습니다. 시간: 33초
vengeful_flame_(kuva_lich_ephemera) 업데이트를 하였습니다.
36% 완료했습니다. 시간: 35초
vengeful_chill_(kuva_lich_ephemera) 업데이트를 하였습니다.
38% 완료했습니다. 시간: 37초
vengeful_charge_(kuva_lich_ephemera) 업데이트를 하였습니다.
40% 완료했습니다. 시간: 39초
vengeful_toxin_(kuva_lich_ephemera) 업데이트를 하였습니다.
41% 완료했습니다. 시간: 41초
vengeful_pull_(kuva_lich_ephemera) 업데이트를 하였습니다.
43% 완료했습니다. 시간: 43초
vengeful_trickster_(kuva_lich_ephemera) 업데이트를 하였습니다.
45% 완료했습니다. 시간: 44초
vulkar_wraith 업데이트를 하였습니다.
47% 완료했습니다. 시간: 47초
sancti_tigris 업데이트를 하였습니다.
48% 완료했습니다. 시간: 50초
vaykor_hek 업데이트를 하였습니다.
50% 완료했습니다. 시간: 53초
synoid_simulor 업데이트를 하였습니다.
52% 완료했습니다. 시간: 56초
secura_penta 업데이트를 하였습니다.
53% 완료했습니다. 시간: 58초
quanta_vandal 업데이트를 하였습니다.
55% 완료했습니다. 시간: 60초
prisma_grinlok 업데이트를 하였습니다.
57% 완료했습니다. 시간: 63초
supra_vandal 업데이트를 하였습니다.
59% 완료했습니다. 시간: 65초
prisma_tetra 업데이트를 하였습니다.
60% 완료했습니다. 시간: 68초
prisma_grakata 업데이트를 하였습니다.
62% 완료했습니다. 시간: 70초
viper_wraith 업데이트를 하였습니다.
64% 완료했습니다. 시간: 72초
vaykor_marelok 업데이트를 하였습니다.
66% 완료했습니다. 시간: 74초
synoid_gammacor 업데이트를 하였습니다.
67% 완료했습니다. 시간: 77초
rakta_ballistica 업데이트를 하였습니다.
69% 완료했습니다. 시간: 80초
mara_detron 업데이트를 하였습니다.
71% 완료했습니다. 시간: 82초
prisma_angstrum 업데이트를 하였습니다.
72% 완료했습니다. 시간: 85초
secura_dual_cestra 업데이트를 하였습니다.
74% 완료했습니다. 시간: 88초
prisma_twin_gremlins 업데이트를 하였습니다.
76% 완료했습니다. 시간: 90초
telos_akbolto 업데이트를 하였습니다.
78% 완료했습니다. 시간: 92초
sancti_castanas 업데이트를 하였습니다.
79% 완료했습니다. 시간: 95초
prisma_skana 업데이트를 하였습니다.
81% 완료했습니다. 시간: 97초
prisma_dual_cleavers 업데이트를 하였습니다.
83% 완료했습니다. 시간: 100초
machete_wraith 업데이트를 하였습니다.
84% 완료했습니다. 시간: 103초
prova_vandal 업데이트를 하였습니다.
86% 완료했습니다. 시간: 105초
rakta_dark_dagger 업데이트를 하였습니다.
88% 완료했습니다. 시간: 108초
prisma_obex 업데이트를 하였습니다.
90% 완료했습니다. 시간: 110초
vaykor_sydon 업데이트를 하였습니다.
91% 완료했습니다. 시간: 112초
synoid_heliocor 업데이트를 하였습니다.
93% 완료했습니다. 시간: 115초
sancti_magistar 업데이트를 하였습니다.
95% 완료했습니다. 시간: 117초
telos_boltor 업데이트를 하였습니다.
97% 완료했습니다. 시간: 120초
secura_lecta 업데이트를 하였습니다.
98% 완료했습니다. 시간: 123초
업데이트가 모두 완료했습니다.
모드 업데이트 중입니다.....
aerodynamic 업데이트를 하였습니다.
0% 완료했습니다. 시간: 2초
brief_respite 업데이트를 하였습니다.
3% 완료했습니다. 시간: 5초
combat_discipline 업데이트를 하였습니다.
6% 완료했습니다. 시간: 7초
corrosive_projection 업데이트를 하였습니다.
10% 완료했습니다. 시간: 10초
dead_eye 업데이트를 하였습니다.
13% 완료했습니다. 시간: 12초
empowered_blades 업데이트를 하였습니다.
16% 완료했습니다. 시간: 14초
enemy_radar 업데이트를 하였습니다.
19% 완료했습니다. 시간: 17초
energy_siphon 업데이트를 하였습니다.
23% 완료했습니다. 시간: 20초
growing_power 업데이트를 하였습니다.
26% 완료했습니다. 시간: 23초
infested_impedance 업데이트를 하였습니다.
29% 완료했습니다. 시간: 24초
loot_detector 업데이트를 하였습니다.
32% 완료했습니다. 시간: 27초
mecha_empowered 업데이트를 하였습니다.
35% 완료했습니다. 시간: 29초
melee_guidance 업데이트를 하였습니다.
39% 완료했습니다. 시간: 31초
physique 업데이트를 하였습니다.
42% 완료했습니다. 시간: 33초
pistol_amp 업데이트를 하였습니다.
45% 완료했습니다. 시간: 36초
pistol_scavenger 업데이트를 하였습니다.
48% 완료했습니다. 시간: 37초
power_donation 업데이트를 하였습니다.
52% 완료했습니다. 시간: 40초
rejuvenation 업데이트를 하였습니다.
55% 완료했습니다. 시간: 42초
rifle_amp 업데이트를 하였습니다.
58% 완료했습니다. 시간: 43초
rifle_scavenger 업데이트를 하였습니다.
61% 완료했습니다. 시간: 45초
shepherd 업데이트를 하였습니다.
65% 완료했습니다. 시간: 46초
shield_disruption 업데이트를 하였습니다.
68% 완료했습니다. 시간: 48초
shotgun_amp 업데이트를 하였습니다.
71% 완료했습니다. 시간: 50초
shotgun_scavenger 업데이트를 하였습니다.
74% 완료했습니다. 시간: 52초
sniper_scavenger 업데이트를 하였습니다.
77% 완료했습니다. 시간: 53초
speed_holster 업데이트를 하였습니다.
81% 완료했습니다. 시간: 55초
sprint_boost 업데이트를 하였습니다.
84% 완료했습니다. 시간: 58초
stand_united 업데이트를 하였습니다.
87% 완료했습니다. 시간: 60초
steel_charge 업데이트를 하였습니다.
90% 완료했습니다. 시간: 63초
swift_momentum 업데이트를 하였습니다.
94% 완료했습니다. 시간: 66초
toxin_resistance 업데이트를 하였습니다.
97% 완료했습니다. 시간: 67초
adaptation 업데이트를 하였습니다.
0% 완료했습니다. 시간: 70초
medi_ray 업데이트를 하였습니다.
1% 완료했습니다. 시간: 72초
sanctuary 업데이트를 하였습니다.
1% 완료했습니다. 시간: 74초
primed_rubedo_lined_barrel 업데이트를 하였습니다.
2% 완료했습니다. 시간: 75초
animal_instinct 업데이트를 하였습니다.
3% 완료했습니다. 시간: 77초
link_armor 업데이트를 하였습니다.
4% 완료했습니다. 시간: 78초
link_health 업데이트를 하였습니다.
4% 완료했습니다. 시간: 80초
link_shields 업데이트를 하였습니다.
5% 완료했습니다. 시간: 81초
primed_animal_instinct 업데이트를 하였습니다.
6% 완료했습니다. 시간: 83초
primed_pack_leader 업데이트를 하였습니다.
7% 완료했습니다. 시간: 85초
odomedic 업데이트를 하였습니다.
7% 완료했습니다. 시간: 87초
primed_regen 업데이트를 하였습니다.
8% 완료했습니다. 시간: 89초
sacrifice 업데이트를 하였습니다.
9% 완료했습니다. 시간: 90초
synth_deconstruct 업데이트를 하였습니다.
9% 완료했습니다. 시간: 92초
synth_fiber 업데이트를 하였습니다.
10% 완료했습니다. 시간: 94초
bite 업데이트를 하였습니다.
11% 완료했습니다. 시간: 96초
fetch 업데이트를 하였습니다.
12% 완료했습니다. 시간: 98초
flame_gland 업데이트를 하였습니다.
12% 완료했습니다. 시간: 99초
frost_jaw 업데이트를 하였습니다.
13% 완료했습니다. 시간: 101초
hunter_command 업데이트를 하였습니다.
14% 완료했습니다. 시간: 102초
hunter_recovery 업데이트를 하였습니다.
15% 완료했습니다. 시간: 104초
hunter_synergy 업데이트를 하였습니다.
15% 완료했습니다. 시간: 106초
maul 업데이트를 하였습니다.
16% 완료했습니다. 시간: 108초
shock_collar 업데이트를 하였습니다.
17% 완료했습니다. 시간: 109초
venom_teeth 업데이트를 하였습니다.
18% 완료했습니다. 시간: 110초
mecha_overdrive 업데이트를 하였습니다.
18% 완료했습니다. 시간: 112초
mecha_recharge 업데이트를 하였습니다.
19% 완료했습니다. 시간: 114초
tek_assault 업데이트를 하였습니다.
20% 완료했습니다. 시간: 116초
tek_enhance 업데이트를 하였습니다.
20% 완료했습니다. 시간: 118초
auxiliary_power 업데이트를 하였습니다.
21% 완료했습니다. 시간: 120초
cold_snap 업데이트를 하였습니다.
22% 완료했습니다. 시간: 121초
efficient_transferral 업데이트를 하였습니다.
23% 완료했습니다. 시간: 123초
energy_amplifier 업데이트를 하였습니다.
23% 완료했습니다. 시간: 124초
hyperion_thrusters 업데이트를 하였습니다.
24% 완료했습니다. 시간: 126초
kinetic_diversion 업데이트를 하였습니다.
25% 완료했습니다. 시간: 127초
morphic_transformer 업데이트를 하였습니다.
26% 완료했습니다. 시간: 129초
primed_morphic_transformer 업데이트를 하였습니다.
26% 완료했습니다. 시간: 131초
system_reroute 업데이트를 하였습니다.
27% 완료했습니다. 시간: 133초
ammo_chain 업데이트를 하였습니다.
28% 완료했습니다. 시간: 135초
archgun_ace 업데이트를 하였습니다.
28% 완료했습니다. 시간: 136초
automatic_trigger 업데이트를 하였습니다.
29% 완료했습니다. 시간: 138초
charged_bullets 업데이트를 하였습니다.
30% 완료했습니다. 시간: 139초
combustion_rounds 업데이트를 하였습니다.
31% 완료했습니다. 시간: 141초
contamination_casing 업데이트를 하였습니다.
31% 완료했습니다. 시간: 143초
critical_focus 업데이트를 하였습니다.
32% 완료했습니다. 시간: 145초
deadly_efficiency 업데이트를 하였습니다.
33% 완료했습니다. 시간: 147초
dual_rounds 업데이트를 하였습니다.
34% 완료했습니다. 시간: 149초
electrified_barrel 업데이트를 하였습니다.
34% 완료했습니다. 시간: 151초
hollowed_bullets 업데이트를 하였습니다.
35% 완료했습니다. 시간: 153초
hypothermic_shell 업데이트를 하였습니다.
36% 완료했습니다. 시간: 155초
magma_chamber 업데이트를 하였습니다.
36% 완료했습니다. 시간: 157초
marked_target 업데이트를 하였습니다.
37% 완료했습니다. 시간: 158초
quick_reload 업데이트를 하였습니다.
38% 완료했습니다. 시간: 160초
venomous_clip 업데이트를 하였습니다.
39% 완료했습니다. 시간: 162초
zodiac_shred 업데이트를 하였습니다.
39% 완료했습니다. 시간: 164초
astral_slash 업데이트를 하였습니다.
40% 완료했습니다. 시간: 165초
blazing_steel 업데이트를 하였습니다.
41% 완료했습니다. 시간: 167초
cryo_coating 업데이트를 하였습니다.
42% 완료했습니다. 시간: 169초
infectious_injection 업데이트를 하였습니다.
42% 완료했습니다. 시간: 171초
ion_infusion 업데이트를 하였습니다.
43% 완료했습니다. 시간: 172초
poisonous_sting 업데이트를 하였습니다.
44% 완료했습니다. 시간: 174초
searing_steel 업데이트를 하였습니다.
45% 완료했습니다. 시간: 176초
saxum_carapace 업데이트를 하였습니다.
45% 완료했습니다. 시간: 177초
carnis_carapace 업데이트를 하였습니다.
46% 완료했습니다. 시간: 178초
jugulus_carapace 업데이트를 하였습니다.
47% 완료했습니다. 시간: 180초
necramech_blitz 업데이트를 하였습니다.
47% 완료했습니다. 시간: 182초
necramech_continuity 업데이트를 하였습니다.
48% 완료했습니다. 시간: 183초
necramech_fury 업데이트를 하였습니다.
49% 완료했습니다. 시간: 185초
necramech_intensify 업데이트를 하였습니다.
50% 완료했습니다. 시간: 187초
necramech_pressure_point 업데이트를 하였습니다.
50% 완료했습니다. 시간: 188초
necramech_reach 업데이트를 하였습니다.
51% 완료했습니다. 시간: 190초
necramech_redirection 업데이트를 하였습니다.
52% 완료했습니다. 시간: 192초
necramech_refuel 업데이트를 하였습니다.
53% 완료했습니다. 시간: 194초
necramech_seismic_wave 업데이트를 하였습니다.
53% 완료했습니다. 시간: 195초
necramech_slipstream 업데이트를 하였습니다.
54% 완료했습니다. 시간: 196초
necramech_steel_fiber 업데이트를 하였습니다.
55% 완료했습니다. 시간: 198초
necramech_streamline 업데이트를 하였습니다.
55% 완료했습니다. 시간: 200초
necramech_thrusters 업데이트를 하였습니다.
56% 완료했습니다. 시간: 202초
necramech_vitality 업데이트를 하였습니다.
57% 완료했습니다. 시간: 204초
necramech_stretch 업데이트를 하였습니다.
58% 완료했습니다. 시간: 206초
aero_vantage 업데이트를 하였습니다.
58% 완료했습니다. 시간: 208초
agility_drift 업데이트를 하였습니다.
59% 완료했습니다. 시간: 210초
armored_agility 업데이트를 하였습니다.
60% 완료했습니다. 시간: 213초
augur_accord 업데이트를 하였습니다.
61% 완료했습니다. 시간: 215초
augur_message 업데이트를 하였습니다.
61% 완료했습니다. 시간: 217초
augur_reach 업데이트를 하였습니다.
62% 완료했습니다. 시간: 220초
augur_secrets 업데이트를 하였습니다.
63% 완료했습니다. 시간: 223초
aviator 업데이트를 하였습니다.
64% 완료했습니다. 시간: 224초
blind_rage 업데이트를 하였습니다.
64% 완료했습니다. 시간: 227초
coaction_drift 업데이트를 하였습니다.
65% 완료했습니다. 시간: 230초
constitution 업데이트를 하였습니다.
66% 완료했습니다. 시간: 232초
continuity 업데이트를 하였습니다.
66% 완료했습니다. 시간: 234초
cunning_drift 업데이트를 하였습니다.
67% 완료했습니다. 시간: 236초
endurance_drift 업데이트를 하였습니다.
68% 완료했습니다. 시간: 239초
enemy_sense 업데이트를 하였습니다.
69% 완료했습니다. 시간: 241초
energy_conversion 업데이트를 하였습니다.
69% 완료했습니다. 시간: 244초
equilibrium 업데이트를 하였습니다.
70% 완료했습니다. 시간: 246초
firewalker 업데이트를 하였습니다.
71% 완료했습니다. 시간: 248초
fleeting_expertise 업데이트를 하였습니다.
72% 완료했습니다. 시간: 250초
flow 업데이트를 하였습니다.
72% 완료했습니다. 시간: 252초
fortitude 업데이트를 하였습니다.
73% 완료했습니다. 시간: 254초
gladiator_aegis 업데이트를 하였습니다.
74% 완료했습니다. 시간: 257초
gladiator_finesse 업데이트를 하였습니다.
74% 완료했습니다. 시간: 260초
gladiator_resolve 업데이트를 하였습니다.
75% 완료했습니다. 시간: 262초
handspring 업데이트를 하였습니다.
76% 완료했습니다. 시간: 265초
health_conversion 업데이트를 하였습니다.
77% 완료했습니다. 시간: 268초
hunter_adrenaline 업데이트를 하였습니다.
77% 완료했습니다. 시간: 270초
ice_spring 업데이트를 하였습니다.
78% 완료했습니다. 시간: 272초
intensify 업데이트를 하였습니다.
79% 완료했습니다. 시간: 274초
lightning_dash 업데이트를 하였습니다.
80% 완료했습니다. 시간: 276초
master_thief 업데이트를 하였습니다.
80% 완료했습니다. 시간: 277초
mecha_pulse 업데이트를 하였습니다.
81% 완료했습니다. 시간: 279초
motus_signal 업데이트를 하였습니다.
82% 완료했습니다. 시간: 281초
narrow_minded 업데이트를 하였습니다.
82% 완료했습니다. 시간: 283초
natural_talent 업데이트를 하였습니다.
83% 완료했습니다. 시간: 285초
overextended 업데이트를 하였습니다.
84% 완료했습니다. 시간: 288초
pain_threshold 업데이트를 하였습니다.
85% 완료했습니다. 시간: 290초
power_drift 업데이트를 하였습니다.
85% 완료했습니다. 시간: 292초
primed_continuity 업데이트를 하였습니다.
86% 완료했습니다. 시간: 295초
primed_flow 업데이트를 하였습니다.
87% 완료했습니다. 시간: 298초
rolling_guard 업데이트를 하였습니다.
88% 완료했습니다. 시간: 301초
rush 업데이트를 하였습니다.
88% 완료했습니다. 시간: 303초
speed_drift 업데이트를 하였습니다.
89% 완료했습니다. 시간: 305초
stealth_drift 업데이트를 하였습니다.
90% 완료했습니다. 시간: 307초
strain_consume 업데이트를 하였습니다.
91% 완료했습니다. 시간: 310초
streamline 업데이트를 하였습니다.
91% 완료했습니다. 시간: 312초
streamlined_form 업데이트를 하였습니다.
92% 완료했습니다. 시간: 315초
stretch 업데이트를 하였습니다.
93% 완료했습니다. 시간: 317초
sure_footed 업데이트를 하였습니다.
93% 완료했습니다. 시간: 319초
synth_reflex 업데이트를 하였습니다.
94% 완료했습니다. 시간: 321초
tek_collateral 업데이트를 하였습니다.
95% 완료했습니다. 시간: 323초
toxic_flight 업데이트를 하였습니다.
96% 완료했습니다. 시간: 325초
transient_fortitude 업데이트를 하였습니다.
96% 완료했습니다. 시간: 327초
vigilante_pursuit 업데이트를 하였습니다.
97% 완료했습니다. 시간: 330초
vigilante_vigor 업데이트를 하였습니다.
98% 완료했습니다. 시간: 332초
vigor 업데이트를 하였습니다.
99% 완료했습니다. 시간: 335초
vigorous_swap 업데이트를 하였습니다.
99% 완료했습니다. 시간: 338초
Traceback (most recent call last):
  File "/usr/local/lib/python3.7/site-packages/pandas/core/indexes/base.py", line 2895, in get_loc
    return self._engine.get_loc(casted_key)
  File "pandas/_libs/index.pyx", line 70, in pandas._libs.index.IndexEngine.get_loc
  File "pandas/_libs/index.pyx", line 101, in pandas._libs.index.IndexEngine.get_loc
  File "pandas/_libs/hashtable_class_helper.pxi", line 1675, in pandas._libs.hashtable.PyObjectHashTable.get_item
  File "pandas/_libs/hashtable_class_helper.pxi", line 1683, in pandas._libs.hashtable.PyObjectHashTable.get_item
KeyError: 'moving_avg'

The above exception was the direct cause of the following exception:

Traceback (most recent call last):
  File "/workspace/crawling/python/mods_update.py", line 121, in <module>
    save_data = warframe_crawling(item, path, path_0)
  File "/workspace/crawling/python/mods_update.py", line 55, in warframe_crawling
    for i in result_data['moving_avg']:
  File "/usr/local/lib/python3.7/site-packages/pandas/core/frame.py", line 2906, in __getitem__
    indexer = self.columns.get_loc(key)
  File "/usr/local/lib/python3.7/site-packages/pandas/core/indexes/base.py", line 2897, in get_loc
    raise KeyError(key) from err
KeyError: 'moving_avg'
아케인 업데이트 중입니다.....
arcane_consequence 업데이트를 하였습니다.
0% 완료했습니다. 시간: 2초
arcane_ice 업데이트를 하였습니다.
1% 완료했습니다. 시간: 4초
arcane_momentum 업데이트를 하였습니다.
3% 완료했습니다. 시간: 5초
arcane_nullifier 업데이트를 하였습니다.
4% 완료했습니다. 시간: 8초
arcane_tempo 업데이트를 하였습니다.
6% 완료했습니다. 시간: 11초
arcane_warmth 업데이트를 하였습니다.
7% 완료했습니다. 시간: 12초
arcane_deflection 업데이트를 하였습니다.
8% 완료했습니다. 시간: 14초
arcane_healing 업데이트를 하였습니다.
10% 완료했습니다. 시간: 16초
arcane_resistance 업데이트를 하였습니다.
11% 완료했습니다. 시간: 18초
arcane_victory 업데이트를 하였습니다.
13% 완료했습니다. 시간: 21초
arcane_acceleration 업데이트를 하였습니다.
14% 완료했습니다. 시간: 23초
arcane_agility 업데이트를 하였습니다.
15% 완료했습니다. 시간: 24초
arcane_awakening 업데이트를 하였습니다.
17% 완료했습니다. 시간: 26초
arcane_eruption 업데이트를 하였습니다.
18% 완료했습니다. 시간: 28초
arcane_guardian 업데이트를 하였습니다.
20% 완료했습니다. 시간: 31초
arcane_phantasm 업데이트를 하였습니다.
21% 완료했습니다. 시간: 32초
arcane_strike 업데이트를 하였습니다.
23% 완료했습니다. 시간: 35초
arcane_aegis 업데이트를 하였습니다.
24% 완료했습니다. 시간: 38초
arcane_precision 업데이트를 하였습니다.
25% 완료했습니다. 시간: 41초
arcane_pulse 업데이트를 하였습니다.
27% 완료했습니다. 시간: 43초
arcane_ultimatum 업데이트를 하였습니다.
28% 완료했습니다. 시간: 46초
arcane_trickery 업데이트를 하였습니다.
30% 완료했습니다. 시간: 48초
arcane_velocity 업데이트를 하였습니다.
31% 완료했습니다. 시간: 51초
arcane_arachne 업데이트를 하였습니다.
32% 완료했습니다. 시간: 53초
arcane_avenger 업데이트를 하였습니다.
34% 완료했습니다. 시간: 56초
arcane_fury 업데이트를 하였습니다.
35% 완료했습니다. 시간: 59초
arcane_rage 업데이트를 하였습니다.
37% 완료했습니다. 시간: 61초
arcane_barrier 업데이트를 하였습니다.
38% 완료했습니다. 시간: 63초
arcane_energize 업데이트를 하였습니다.
39% 완료했습니다. 시간: 66초
arcane_grace 업데이트를 하였습니다.
41% 완료했습니다. 시간: 69초
arcane_blade_charger 업데이트를 하였습니다.
42% 완료했습니다. 시간: 72초
arcane_bodyguard 업데이트를 하였습니다.
44% 완료했습니다. 시간: 74초
arcane_pistoleer 업데이트를 하였습니다.
45% 완료했습니다. 시간: 77초
arcane_primary_charger 업데이트를 하였습니다.
46% 완료했습니다. 시간: 79초
arcane_tanker 업데이트를 하였습니다.
48% 완료했습니다. 시간: 82초
magus_husk 업데이트를 하였습니다.
49% 완료했습니다. 시간: 83초
magus_vigor 업데이트를 하였습니다.
51% 완료했습니다. 시간: 85초
magus_cadence 업데이트를 하였습니다.
52% 완료했습니다. 시간: 87초
magus_cloud 업데이트를 하였습니다.
54% 완료했습니다. 시간: 88초
magus_replenish 업데이트를 하였습니다.
55% 완료했습니다. 시간: 90초
magus_elevate 업데이트를 하였습니다.
56% 완료했습니다. 시간: 93초
magus_nourish 업데이트를 하였습니다.
58% 완료했습니다. 시간: 94초
magus_overload 업데이트를 하였습니다.
59% 완료했습니다. 시간: 96초
magus_glitch 업데이트를 하였습니다.
61% 완료했습니다. 시간: 97초
magus_revert 업데이트를 하였습니다.
62% 완료했습니다. 시간: 98초
magus_lockdown 업데이트를 하였습니다.
63% 완료했습니다. 시간: 101초
magus_destruct 업데이트를 하였습니다.
65% 완료했습니다. 시간: 103초
magus_anomaly 업데이트를 하였습니다.
66% 완료했습니다. 시간: 105초
magus_melt 업데이트를 하였습니다.
68% 완료했습니다. 시간: 106초
magus_accelerant 업데이트를 하였습니다.
69% 완료했습니다. 시간: 108초
magus_repair 업데이트를 하였습니다.
70% 완료했습니다. 시간: 109초
virtuos_null 업데이트를 하였습니다.
72% 완료했습니다. 시간: 111초
virtuos_tempo 업데이트를 하였습니다.
73% 완료했습니다. 시간: 112초
virtuos_fury 업데이트를 하였습니다.
75% 완료했습니다. 시간: 114초
virtuos_strike 업데이트를 하였습니다.
76% 완료했습니다. 시간: 115초
virtuos_ghost 업데이트를 하였습니다.
77% 완료했습니다. 시간: 117초
virtuos_shadow 업데이트를 하였습니다.
79% 완료했습니다. 시간: 119초
virtuos_forge 업데이트를 하였습니다.
80% 완료했습니다. 시간: 120초
virtuos_trojan 업데이트를 하였습니다.
82% 완료했습니다. 시간: 121초
virtuos_surge 업데이트를 하였습니다.
83% 완료했습니다. 시간: 123초
pax_bolt 업데이트를 하였습니다.
85% 완료했습니다. 시간: 124초
pax_seeker 업데이트를 하였습니다.
86% 완료했습니다. 시간: 125초
pax_soar 업데이트를 하였습니다.
87% 완료했습니다. 시간: 126초
exodia_triumph 업데이트를 하였습니다.
89% 완료했습니다. 시간: 128초
exodia_valor 업데이트를 하였습니다.
90% 완료했습니다. 시간: 128초
exodia_brave 업데이트를 하였습니다.
92% 완료했습니다. 시간: 130초
exodia_force 업데이트를 하였습니다.
93% 완료했습니다. 시간: 132초
exodia_hunt 업데이트를 하였습니다.
94% 완료했습니다. 시간: 134초
exodia_might 업데이트를 하였습니다.
96% 완료했습니다. 시간: 136초
exodia_contagion 업데이트를 하였습니다.
97% 완료했습니다. 시간: 138초
exodia_epidemic 업데이트를 하였습니다.
99% 완료했습니다. 시간: 140초
업데이트가 모두 완료했습니다.
결산 중입니다.....
2021/01/10/15:20
업데이트를 마쳤습니다.
