2020/08/28/09:55
업데이트를 시작하겠습니다.
워프레임 업데이트 중입니다.....
loki_prime_set 업데이트를 하였습니다.
0% 완료했습니다. 시간: 2초
equinox_prime_set 업데이트를 하였습니다.
4% 완료했습니다. 시간: 4초
rhino_prime_set 업데이트를 하였습니다.
7% 완료했습니다. 시간: 6초
mesa_prime_set 업데이트를 하였습니다.
11% 완료했습니다. 시간: 9초
ember_prime_set 업데이트를 하였습니다.
15% 완료했습니다. 시간: 10초
limbo_prime_set 업데이트를 하였습니다.
19% 완료했습니다. 시간: 12초
ivara_prime_set 업데이트를 하였습니다.
22% 완료했습니다. 시간: 13초
chroma_prime_set 업데이트를 하였습니다.
26% 완료했습니다. 시간: 15초
nyx_prime_set 업데이트를 하였습니다.
30% 완료했습니다. 시간: 18초
frost_prime_set 업데이트를 하였습니다.
33% 완료했습니다. 시간: 19초
trinity_prime_set 업데이트를 하였습니다.
37% 완료했습니다. 시간: 22초
hydroid_prime_set 업데이트를 하였습니다.
41% 완료했습니다. 시간: 24초
nova_prime_set 업데이트를 하였습니다.
44% 완료했습니다. 시간: 26초
saryn_prime_set 업데이트를 하였습니다.
48% 완료했습니다. 시간: 28초
mirage_prime_set 업데이트를 하였습니다.
52% 완료했습니다. 시간: 30초
valkyr_prime_set 업데이트를 하였습니다.
56% 완료했습니다. 시간: 32초
mag_prime_set 업데이트를 하였습니다.
59% 완료했습니다. 시간: 35초
ash_prime_set 업데이트를 하였습니다.
63% 완료했습니다. 시간: 37초
zephyr_prime_set 업데이트를 하였습니다.
67% 완료했습니다. 시간: 39초
wukong_prime_set 업데이트를 하였습니다.
70% 완료했습니다. 시간: 41초
vauban_prime_set 업데이트를 하였습니다.
74% 완료했습니다. 시간: 43초
banshee_prime_set 업데이트를 하였습니다.
78% 완료했습니다. 시간: 45초
oberon_prime_set 업데이트를 하였습니다.
81% 완료했습니다. 시간: 47초
nekros_prime_set 업데이트를 하였습니다.
85% 완료했습니다. 시간: 49초
volt_prime_set 업데이트를 하였습니다.
89% 완료했습니다. 시간: 51초
atlas_prime_set 업데이트를 하였습니다.
93% 완료했습니다. 시간: 52초
inaros_prime_set 업데이트를 하였습니다.
96% 완료했습니다. 시간: 54초
업데이트가 모두 완료했습니다.
무기 업데이트 중입니다.....
baza_prime_set 업데이트를 하였습니다.
0% 완료했습니다. 시간: 3초
boar_prime_set 업데이트를 하였습니다.
1% 완료했습니다. 시간: 4초
boltor_prime_set 업데이트를 하였습니다.
3% 완료했습니다. 시간: 6초
braton_prime_set 업데이트를 하였습니다.
4% 완료했습니다. 시간: 8초
burston_prime_set 업데이트를 하였습니다.
6% 완료했습니다. 시간: 11초
cernos_prime_set 업데이트를 하였습니다.
7% 완료했습니다. 시간: 13초
latron_prime_set 업데이트를 하였습니다.
9% 완료했습니다. 시간: 15초
paris_prime_set 업데이트를 하였습니다.
10% 완료했습니다. 시간: 17초
rubico_prime_set 업데이트를 하였습니다.
11% 완료했습니다. 시간: 19초
soma_prime_set 업데이트를 하였습니다.
13% 완료했습니다. 시간: 21초
stradavar_prime_set 업데이트를 하였습니다.
14% 완료했습니다. 시간: 23초
sybaris_prime_set 업데이트를 하였습니다.
16% 완료했습니다. 시간: 25초
tiberon_prime_set 업데이트를 하였습니다.
17% 완료했습니다. 시간: 27초
tigris_prime_set 업데이트를 하였습니다.
19% 완료했습니다. 시간: 28초
vectis_prime_set 업데이트를 하였습니다.
20% 완료했습니다. 시간: 30초
zhuge_prime_set 업데이트를 하였습니다.
21% 완료했습니다. 시간: 32초
akbolto_prime_set 업데이트를 하였습니다.
23% 완료했습니다. 시간: 34초
akbronco_prime_set 업데이트를 하였습니다.
24% 완료했습니다. 시간: 36초
akjagara_prime_set 업데이트를 하였습니다.
26% 완료했습니다. 시간: 38초
aklex_prime_set 업데이트를 하였습니다.
27% 완료했습니다. 시간: 41초
aksomati_prime_set 업데이트를 하였습니다.
29% 완료했습니다. 시간: 44초
akstiletto_prime_set 업데이트를 하였습니다.
30% 완료했습니다. 시간: 46초
akvasto_prime_set 업데이트를 하였습니다.
31% 완료했습니다. 시간: 48초
ballistica_prime_set 업데이트를 하였습니다.
33% 완료했습니다. 시간: 50초
bronco_prime_set 업데이트를 하였습니다.
34% 완료했습니다. 시간: 51초
euphona_prime_set 업데이트를 하였습니다.
36% 완료했습니다. 시간: 54초
hikou_prime_set 업데이트를 하였습니다.
37% 완료했습니다. 시간: 55초
lex_prime_set 업데이트를 하였습니다.
39% 완료했습니다. 시간: 56초
pyrana_prime_set 업데이트를 하였습니다.
40% 완료했습니다. 시간: 59초
sicarus_prime_set 업데이트를 하였습니다.
41% 완료했습니다. 시간: 60초
spira_prime_set 업데이트를 하였습니다.
43% 완료했습니다. 시간: 62초
vasto_prime_set 업데이트를 하였습니다.
44% 완료했습니다. 시간: 63초
ankyros_prime_set 업데이트를 하였습니다.
46% 완료했습니다. 시간: 65초
dakra_prime_set 업데이트를 하였습니다.
47% 완료했습니다. 시간: 67초
destreza_prime_set 업데이트를 하였습니다.
49% 완료했습니다. 시간: 69초
dual_kamas_prime_set 업데이트를 하였습니다.
50% 완료했습니다. 시간: 71초
fang_prime_set 업데이트를 하였습니다.
51% 완료했습니다. 시간: 73초
fragor_prime_set 업데이트를 하였습니다.
53% 완료했습니다. 시간: 76초
galatine_prime_set 업데이트를 하였습니다.
54% 완료했습니다. 시간: 78초
glaive_prime_set 업데이트를 하였습니다.
56% 완료했습니다. 시간: 80초
gram_prime_set 업데이트를 하였습니다.
57% 완료했습니다. 시간: 82초
kogake_prime_set 업데이트를 하였습니다.
59% 완료했습니다. 시간: 84초
kronen_prime_set 업데이트를 하였습니다.
60% 완료했습니다. 시간: 86초
nami_skyla_prime_set 업데이트를 하였습니다.
61% 완료했습니다. 시간: 88초
nikana_prime_set 업데이트를 하였습니다.
63% 완료했습니다. 시간: 90초
ninkondi_prime_set 업데이트를 하였습니다.
64% 완료했습니다. 시간: 92초
orthos_prime_set 업데이트를 하였습니다.
66% 완료했습니다. 시간: 94초
reaper_prime_set 업데이트를 하였습니다.
67% 완료했습니다. 시간: 96초
redeemer_prime_set 업데이트를 하였습니다.
69% 완료했습니다. 시간: 97초
scindo_prime_set 업데이트를 하였습니다.
70% 완료했습니다. 시간: 100초
silva_and_aegis_prime_set 업데이트를 하였습니다.
71% 완료했습니다. 시간: 102초
tekko_prime_set 업데이트를 하였습니다.
73% 완료했습니다. 시간: 103초
tipedo_prime_set 업데이트를 하였습니다.
74% 완료했습니다. 시간: 104초
venka_prime_set 업데이트를 하였습니다.
76% 완료했습니다. 시간: 107초
tipedo_prime_set 업데이트를 하였습니다.
77% 완료했습니다. 시간: 109초
shedu_set 업데이트를 하였습니다.
79% 완료했습니다. 시간: 111초
braton_vandal_set 업데이트를 하였습니다.
80% 완료했습니다. 시간: 113초
dera_vandal_set 업데이트를 하였습니다.
81% 완료했습니다. 시간: 114초
karak_wraith_set 업데이트를 하였습니다.
83% 완료했습니다. 시간: 116초
gorgon_wraith_set 업데이트를 하였습니다.
84% 완료했습니다. 시간: 117초
latron_wraith_set 업데이트를 하였습니다.
86% 완료했습니다. 시간: 119초
strun_wraith_set 업데이트를 하였습니다.
87% 완료했습니다. 시간: 121초
snipetron_vandal_set 업데이트를 하였습니다.
89% 완료했습니다. 시간: 123초
lato_vandal_set 업데이트를 하였습니다.
90% 완료했습니다. 시간: 124초
twin_vipers_wraith_set 업데이트를 하였습니다.
91% 완료했습니다. 시간: 126초
furax_wraith_set 업데이트를 하였습니다.
93% 완료했습니다. 시간: 128초
pathocyst_set 업데이트를 하였습니다.
94% 완료했습니다. 시간: 130초
imperator_vandal_set 업데이트를 하였습니다.
96% 완료했습니다. 시간: 132초
panthera_prime_set 업데이트를 하였습니다.
97% 완료했습니다. 시간: 134초
karyst_prime_set 업데이트를 하였습니다.
99% 완료했습니다. 시간: 135초
업데이트가 모두 완료했습니다.
기타 무기 업데이트 중입니다.....
rakta_cernos 업데이트를 하였습니다.
0% 완료했습니다. 시간: 2초
vulkar_wraith 업데이트를 하였습니다.
3% 완료했습니다. 시간: 4초
sancti_tigris 업데이트를 하였습니다.
6% 완료했습니다. 시간: 6초
vaykor_hek 업데이트를 하였습니다.
9% 완료했습니다. 시간: 7초
synoid_simulor 업데이트를 하였습니다.
12% 완료했습니다. 시간: 9초
secura_penta 업데이트를 하였습니다.
16% 완료했습니다. 시간: 11초
quanta_vandal 업데이트를 하였습니다.
19% 완료했습니다. 시간: 13초
prisma_grinlok 업데이트를 하였습니다.
22% 완료했습니다. 시간: 15초
supra_vandal 업데이트를 하였습니다.
25% 완료했습니다. 시간: 17초
prisma_tetra 업데이트를 하였습니다.
28% 완료했습니다. 시간: 18초
prisma_grakata 업데이트를 하였습니다.
31% 완료했습니다. 시간: 19초
viper_wraith 업데이트를 하였습니다.
34% 완료했습니다. 시간: 21초
vaykor_marelok 업데이트를 하였습니다.
38% 완료했습니다. 시간: 23초
synoid_gammacor 업데이트를 하였습니다.
41% 완료했습니다. 시간: 24초
rakta_ballistica 업데이트를 하였습니다.
44% 완료했습니다. 시간: 27초
mara_detron 업데이트를 하였습니다.
47% 완료했습니다. 시간: 29초
prisma_angstrum 업데이트를 하였습니다.
50% 완료했습니다. 시간: 31초
secura_dual_cestra 업데이트를 하였습니다.
53% 완료했습니다. 시간: 33초
prisma_twin_gremlins 업데이트를 하였습니다.
56% 완료했습니다. 시간: 35초
telos_akbolto 업데이트를 하였습니다.
59% 완료했습니다. 시간: 37초
sancti_castanas 업데이트를 하였습니다.
62% 완료했습니다. 시간: 40초
prisma_skana 업데이트를 하였습니다.
66% 완료했습니다. 시간: 42초
prisma_dual_cleavers 업데이트를 하였습니다.
69% 완료했습니다. 시간: 44초
machete_wraith 업데이트를 하였습니다.
72% 완료했습니다. 시간: 46초
prova_vandal 업데이트를 하였습니다.
75% 완료했습니다. 시간: 47초
rakta_dark_dagger 업데이트를 하였습니다.
78% 완료했습니다. 시간: 49초
prisma_obex 업데이트를 하였습니다.
81% 완료했습니다. 시간: 51초
vaykor_sydon 업데이트를 하였습니다.
84% 완료했습니다. 시간: 53초
synoid_heliocor 업데이트를 하였습니다.
88% 완료했습니다. 시간: 55초
sancti_magistar 업데이트를 하였습니다.
91% 완료했습니다. 시간: 56초
telos_boltor 업데이트를 하였습니다.
94% 완료했습니다. 시간: 58초
secura_lecta 업데이트를 하였습니다.
97% 완료했습니다. 시간: 60초
업데이트가 모두 완료했습니다.
모드 업데이트 중입니다.....
aerodynamic 업데이트를 하였습니다.
0% 완료했습니다. 시간: 2초
brief_respite 업데이트를 하였습니다.
3% 완료했습니다. 시간: 4초
combat_discipline 업데이트를 하였습니다.
6% 완료했습니다. 시간: 6초
corrosive_projection 업데이트를 하였습니다.
10% 완료했습니다. 시간: 8초
dead_eye 업데이트를 하였습니다.
13% 완료했습니다. 시간: 10초
empowered_blades 업데이트를 하였습니다.
16% 완료했습니다. 시간: 12초
enemy_radar 업데이트를 하였습니다.
19% 완료했습니다. 시간: 14초
energy_siphon 업데이트를 하였습니다.
23% 완료했습니다. 시간: 16초
growing_power 업데이트를 하였습니다.
26% 완료했습니다. 시간: 18초
infested_impedance 업데이트를 하였습니다.
29% 완료했습니다. 시간: 20초
loot_detector 업데이트를 하였습니다.
32% 완료했습니다. 시간: 22초
mecha_empowered 업데이트를 하였습니다.
35% 완료했습니다. 시간: 24초
melee_guidance 업데이트를 하였습니다.
39% 완료했습니다. 시간: 25초
physique 업데이트를 하였습니다.
42% 완료했습니다. 시간: 26초
pistol_amp 업데이트를 하였습니다.
45% 완료했습니다. 시간: 27초
pistol_scavenger 업데이트를 하였습니다.
48% 완료했습니다. 시간: 29초
power_donation 업데이트를 하였습니다.
52% 완료했습니다. 시간: 31초
rejuvenation 업데이트를 하였습니다.
55% 완료했습니다. 시간: 34초
rifle_amp 업데이트를 하였습니다.
58% 완료했습니다. 시간: 35초
rifle_scavenger 업데이트를 하였습니다.
61% 완료했습니다. 시간: 36초
shepherd 업데이트를 하였습니다.
65% 완료했습니다. 시간: 37초
shield_disruption 업데이트를 하였습니다.
68% 완료했습니다. 시간: 39초
shotgun_amp 업데이트를 하였습니다.
71% 완료했습니다. 시간: 41초
shotgun_scavenger 업데이트를 하였습니다.
74% 완료했습니다. 시간: 42초
sniper_scavenger 업데이트를 하였습니다.
77% 완료했습니다. 시간: 43초
speed_holster 업데이트를 하였습니다.
81% 완료했습니다. 시간: 44초
sprint_boost 업데이트를 하였습니다.
84% 완료했습니다. 시간: 47초
stand_united 업데이트를 하였습니다.
87% 완료했습니다. 시간: 48초
steel_charge 업데이트를 하였습니다.
90% 완료했습니다. 시간: 50초
swift_momentum 업데이트를 하였습니다.
94% 완료했습니다. 시간: 52초
toxin_resistance 업데이트를 하였습니다.
97% 완료했습니다. 시간: 53초
adaptation 업데이트를 하였습니다.
0% 완료했습니다. 시간: 56초
aero_vantage 업데이트를 하였습니다.
2% 완료했습니다. 시간: 58초
agility_drift 업데이트를 하였습니다.
3% 완료했습니다. 시간: 60초
armored_agility 업데이트를 하였습니다.
5% 완료했습니다. 시간: 61초
augur_accord 업데이트를 하였습니다.
7% 완료했습니다. 시간: 63초
augur_message 업데이트를 하였습니다.
8% 완료했습니다. 시간: 65초
augur_reach 업데이트를 하였습니다.
10% 완료했습니다. 시간: 67초
augur_secrets 업데이트를 하였습니다.
11% 완료했습니다. 시간: 69초
aviator 업데이트를 하였습니다.
13% 완료했습니다. 시간: 70초
blind_rage 업데이트를 하였습니다.
15% 완료했습니다. 시간: 72초
coaction_drift 업데이트를 하였습니다.
16% 완료했습니다. 시간: 74초
constitution 업데이트를 하였습니다.
18% 완료했습니다. 시간: 77초
continuity 업데이트를 하였습니다.
20% 완료했습니다. 시간: 79초
cunning_drift 업데이트를 하였습니다.
21% 완료했습니다. 시간: 81초
endurance_drift 업데이트를 하였습니다.
23% 완료했습니다. 시간: 83초
enemy_sense 업데이트를 하였습니다.
25% 완료했습니다. 시간: 85초
energy_conversion 업데이트를 하였습니다.
26% 완료했습니다. 시간: 87초
equilibrium 업데이트를 하였습니다.
28% 완료했습니다. 시간: 89초
firewalker 업데이트를 하였습니다.
30% 완료했습니다. 시간: 91초
fleeting_expertise 업데이트를 하였습니다.
31% 완료했습니다. 시간: 92초
flow 업데이트를 하였습니다.
33% 완료했습니다. 시간: 94초
fortitude 업데이트를 하였습니다.
34% 완료했습니다. 시간: 96초
gladiator_aegis 업데이트를 하였습니다.
36% 완료했습니다. 시간: 98초
gladiator_finesse 업데이트를 하였습니다.
38% 완료했습니다. 시간: 100초
gladiator_resolve 업데이트를 하였습니다.
39% 완료했습니다. 시간: 102초
handspring 업데이트를 하였습니다.
41% 완료했습니다. 시간: 104초
health_conversion 업데이트를 하였습니다.
43% 완료했습니다. 시간: 105초
hunter_adrenaline 업데이트를 하였습니다.
44% 완료했습니다. 시간: 106초
ice_spring 업데이트를 하였습니다.
46% 완료했습니다. 시간: 108초
intensify 업데이트를 하였습니다.
48% 완료했습니다. 시간: 110초
lightning_dash 업데이트를 하였습니다.
49% 완료했습니다. 시간: 111초
master_thief 업데이트를 하였습니다.
51% 완료했습니다. 시간: 113초
mecha_pulse 업데이트를 하였습니다.
52% 완료했습니다. 시간: 115초
motus_signal 업데이트를 하였습니다.
54% 완료했습니다. 시간: 117초
narrow_minded 업데이트를 하였습니다.
56% 완료했습니다. 시간: 119초
natural_talent 업데이트를 하였습니다.
57% 완료했습니다. 시간: 121초
overextended 업데이트를 하였습니다.
59% 완료했습니다. 시간: 123초
pain_threshold 업데이트를 하였습니다.
61% 완료했습니다. 시간: 125초
power_drift 업데이트를 하였습니다.
62% 완료했습니다. 시간: 130초
primed_continuity 업데이트를 하였습니다.
64% 완료했습니다. 시간: 134초
primed_flow 업데이트를 하였습니다.
66% 완료했습니다. 시간: 136초
rage 업데이트를 하였습니다.
67% 완료했습니다. 시간: 138초
reflection 업데이트를 하였습니다.
69% 완료했습니다. 시간: 138초
reflex_guard 업데이트를 하였습니다.
70% 완료했습니다. 시간: 139초
rolling_guard 업데이트를 하였습니다.
72% 완료했습니다. 시간: 142초
rush 업데이트를 하였습니다.
74% 완료했습니다. 시간: 143초
speed_drift 업데이트를 하였습니다.
75% 완료했습니다. 시간: 145초
stealth_drift 업데이트를 하였습니다.
77% 완료했습니다. 시간: 146초
strain_consume 업데이트를 하였습니다.
79% 완료했습니다. 시간: 149초
streamline 업데이트를 하였습니다.
80% 완료했습니다. 시간: 151초
streamlined_form 업데이트를 하였습니다.
82% 완료했습니다. 시간: 153초
stretch 업데이트를 하였습니다.
84% 완료했습니다. 시간: 155초
sure_footed 업데이트를 하였습니다.
85% 완료했습니다. 시간: 157초
synth_reflex 업데이트를 하였습니다.
87% 완료했습니다. 시간: 159초
tek_collateral 업데이트를 하였습니다.
89% 완료했습니다. 시간: 161초
toxic_flight 업데이트를 하였습니다.
90% 완료했습니다. 시간: 162초
transient_fortitude 업데이트를 하였습니다.
92% 완료했습니다. 시간: 165초
vigilante_pursuit 업데이트를 하였습니다.
93% 완료했습니다. 시간: 167초
vigilante_vigor 업데이트를 하였습니다.
95% 완료했습니다. 시간: 168초
vigor 업데이트를 하였습니다.
97% 완료했습니다. 시간: 170초
vigorous_swap 업데이트를 하였습니다.
98% 완료했습니다. 시간: 172초
aero_periphery 업데이트를 하였습니다.
0% 완료했습니다. 시간: 173초
hunter_munitions 업데이트를 하였습니다.
0% 완료했습니다. 시간: 175초
hunter_track 업데이트를 하였습니다.
1% 완료했습니다. 시간: 176초
vigilante_armaments 업데이트를 하였습니다.
1% 완료했습니다. 시간: 178초
vigilante_fervor 업데이트를 하였습니다.
1% 완료했습니다. 시간: 181초
vigilante_offense 업데이트를 하였습니다.
2% 완료했습니다. 시간: 183초
vigilante_supplies 업데이트를 하였습니다.
2% 완료했습니다. 시간: 184초
adhesive_blast 업데이트를 하였습니다.
2% 완료했습니다. 시간: 185초
agile_aim 업데이트를 하였습니다.
3% 완료했습니다. 시간: 186초
ammo_drum 업데이트를 하였습니다.
3% 완료했습니다. 시간: 187초
argon_scope 업데이트를 하였습니다.
3% 완료했습니다. 시간: 189초
bladed_rounds 업데이트를 하였습니다.
4% 완료했습니다. 시간: 191초
catalyzer_link 업데이트를 하였습니다.
4% 완료했습니다. 시간: 192초
cautious_shot 업데이트를 하였습니다.
4% 완료했습니다. 시간: 194초
continuous_misery 업데이트를 하였습니다.
5% 완료했습니다. 시간: 194초
crash_course 업데이트를 하였습니다.
5% 완료했습니다. 시간: 196초
critical_delay 업데이트를 하였습니다.
5% 완료했습니다. 시간: 198초
cryo_rounds 업데이트를 하였습니다.
6% 완료했습니다. 시간: 199초
fanged_fusillade 업데이트를 하였습니다.
6% 완료했습니다. 시간: 201초
firestorm 업데이트를 하였습니다.
7% 완료했습니다. 시간: 202초
hammer_shot 업데이트를 하였습니다.
7% 완료했습니다. 시간: 204초
heavy_caliber 업데이트를 하였습니다.
7% 완료했습니다. 시간: 206초
hellfire 업데이트를 하였습니다.
8% 완료했습니다. 시간: 207초
high_voltage 업데이트를 하였습니다.
8% 완료했습니다. 시간: 209초
hush 업데이트를 하였습니다.
8% 완료했습니다. 시간: 210초
infected_clip 업데이트를 하였습니다.
9% 완료했습니다. 시간: 212초
malignant_force 업데이트를 하였습니다.
9% 완료했습니다. 시간: 213초
metal_auger 업데이트를 하였습니다.
9% 완료했습니다. 시간: 214초
piercing_caliber 업데이트를 하였습니다.
10% 완료했습니다. 시간: 216초
point_strike 업데이트를 하였습니다.
10% 완료했습니다. 시간: 217초
primed_cryo_rounds 업데이트를 하였습니다.
10% 완료했습니다. 시간: 219초
primed_fast_hands 업데이트를 하였습니다.
11% 완료했습니다. 시간: 221초
proton_jet 업데이트를 하였습니다.
11% 완료했습니다. 시간: 223초
rifle_aptitude 업데이트를 하였습니다.
11% 완료했습니다. 시간: 224초
rime_rounds 업데이트를 하였습니다.
12% 완료했습니다. 시간: 227초
Traceback (most recent call last):
  File "/usr/local/lib/python3.7/site-packages/pandas/core/indexes/base.py", line 2897, in get_loc
    return self._engine.get_loc(key)
  File "pandas/_libs/index.pyx", line 107, in pandas._libs.index.IndexEngine.get_loc
  File "pandas/_libs/index.pyx", line 131, in pandas._libs.index.IndexEngine.get_loc
  File "pandas/_libs/hashtable_class_helper.pxi", line 1607, in pandas._libs.hashtable.PyObjectHashTable.get_item
  File "pandas/_libs/hashtable_class_helper.pxi", line 1614, in pandas._libs.hashtable.PyObjectHashTable.get_item
KeyError: 'moving_avg'

During handling of the above exception, another exception occurred:

Traceback (most recent call last):
  File "/workspace/crawling/python/mods_update.py", line 121, in <module>
    save_data = warframe_crawling(item, path, path_0)
  File "/workspace/crawling/python/mods_update.py", line 55, in warframe_crawling
    for i in result_data['moving_avg']:
  File "/usr/local/lib/python3.7/site-packages/pandas/core/frame.py", line 2995, in __getitem__
    indexer = self.columns.get_loc(key)
  File "/usr/local/lib/python3.7/site-packages/pandas/core/indexes/base.py", line 2899, in get_loc
    return self._engine.get_loc(self._maybe_cast_indexer(key))
  File "pandas/_libs/index.pyx", line 107, in pandas._libs.index.IndexEngine.get_loc
  File "pandas/_libs/index.pyx", line 131, in pandas._libs.index.IndexEngine.get_loc
  File "pandas/_libs/hashtable_class_helper.pxi", line 1607, in pandas._libs.hashtable.PyObjectHashTable.get_item
  File "pandas/_libs/hashtable_class_helper.pxi", line 1614, in pandas._libs.hashtable.PyObjectHashTable.get_item
KeyError: 'moving_avg'
아케인 업데이트 중입니다.....
arcane_consequence 업데이트를 하였습니다.
0% 완료했습니다. 시간: 2초
arcane_ice 업데이트를 하였습니다.
1% 완료했습니다. 시간: 3초
arcane_momentum 업데이트를 하였습니다.
3% 완료했습니다. 시간: 6초
arcane_nullifier 업데이트를 하였습니다.
4% 완료했습니다. 시간: 7초
arcane_tempo 업데이트를 하였습니다.
5% 완료했습니다. 시간: 8초
arcane_warmth 업데이트를 하였습니다.
7% 완료했습니다. 시간: 10초
arcane_deflection 업데이트를 하였습니다.
8% 완료했습니다. 시간: 12초
arcane_healing 업데이트를 하였습니다.
10% 완료했습니다. 시간: 13초
arcane_resistance 업데이트를 하였습니다.
11% 완료했습니다. 시간: 15초
arcane_victory 업데이트를 하였습니다.
12% 완료했습니다. 시간: 17초
arcane_acceleration 업데이트를 하였습니다.
14% 완료했습니다. 시간: 19초
arcane_agility 업데이트를 하였습니다.
15% 완료했습니다. 시간: 20초
arcane_awakening 업데이트를 하였습니다.
16% 완료했습니다. 시간: 22초
arcane_eruption 업데이트를 하였습니다.
18% 완료했습니다. 시간: 24초
arcane_guardian 업데이트를 하였습니다.
19% 완료했습니다. 시간: 26초
arcane_phantasm 업데이트를 하였습니다.
21% 완료했습니다. 시간: 28초
arcane_strike 업데이트를 하였습니다.
22% 완료했습니다. 시간: 30초
arcane_aegis 업데이트를 하였습니다.
23% 완료했습니다. 시간: 32초
arcane_precision 업데이트를 하였습니다.
25% 완료했습니다. 시간: 34초
arcane_pulse 업데이트를 하였습니다.
26% 완료했습니다. 시간: 37초
arcane_ultimatum 업데이트를 하였습니다.
27% 완료했습니다. 시간: 39초
arcane_trickery 업데이트를 하였습니다.
29% 완료했습니다. 시간: 41초
arcane_velocity 업데이트를 하였습니다.
30% 완료했습니다. 시간: 43초
arcane_arachne 업데이트를 하였습니다.
32% 완료했습니다. 시간: 44초
arcane_avenger 업데이트를 하였습니다.
33% 완료했습니다. 시간: 45초
arcane_fury 업데이트를 하였습니다.
34% 완료했습니다. 시간: 47초
arcane_rage 업데이트를 하였습니다.
36% 완료했습니다. 시간: 50초
arcane_barrier 업데이트를 하였습니다.
37% 완료했습니다. 시간: 52초
arcane_energize 업데이트를 하였습니다.
38% 완료했습니다. 시간: 54초
arcane_grace 업데이트를 하였습니다.
40% 완료했습니다. 시간: 56초
arcane_blade_charger 업데이트를 하였습니다.
41% 완료했습니다. 시간: 58초
arcane_bodyguard 업데이트를 하였습니다.
42% 완료했습니다. 시간: 60초
arcane_pistoleer 업데이트를 하였습니다.
44% 완료했습니다. 시간: 63초
arcane_primary_charger 업데이트를 하였습니다.
45% 완료했습니다. 시간: 65초
arcane_tanker 업데이트를 하였습니다.
47% 완료했습니다. 시간: 67초
magus_husk 업데이트를 하였습니다.
48% 완료했습니다. 시간: 69초
magus_vigor 업데이트를 하였습니다.
49% 완료했습니다. 시간: 70초
magus_cadence 업데이트를 하였습니다.
51% 완료했습니다. 시간: 71초
magus_cloud 업데이트를 하였습니다.
52% 완료했습니다. 시간: 72초
magus_replenish 업데이트를 하였습니다.
53% 완료했습니다. 시간: 74초
magus_elevate 업데이트를 하였습니다.
55% 완료했습니다. 시간: 77초
magus_nourish 업데이트를 하였습니다.
56% 완료했습니다. 시간: 78초
magus_overload 업데이트를 하였습니다.
58% 완료했습니다. 시간: 80초
magus_glitch 업데이트를 하였습니다.
59% 완료했습니다. 시간: 81초
magus_revert 업데이트를 하였습니다.
60% 완료했습니다. 시간: 82초
magus_lockdown 업데이트를 하였습니다.
62% 완료했습니다. 시간: 84초
magus_destruct 업데이트를 하였습니다.
63% 완료했습니다. 시간: 86초
magus_anomaly 업데이트를 하였습니다.
64% 완료했습니다. 시간: 88초
magus_melt 업데이트를 하였습니다.
66% 완료했습니다. 시간: 89초
magus_accelerant 업데이트를 하였습니다.
67% 완료했습니다. 시간: 90초
magus_repair 업데이트를 하였습니다.
68% 완료했습니다. 시간: 92초
virtuos_null 업데이트를 하였습니다.
70% 완료했습니다. 시간: 94초
virtuos_tempo 업데이트를 하였습니다.
71% 완료했습니다. 시간: 95초
virtuos_fury 업데이트를 하였습니다.
73% 완료했습니다. 시간: 97초
virtuos_strike 업데이트를 하였습니다.
74% 완료했습니다. 시간: 99초
virtuos_ghost 업데이트를 하였습니다.
75% 완료했습니다. 시간: 99초
virtuos_shadow 업데이트를 하였습니다.
77% 완료했습니다. 시간: 101초
virtuos_forge 업데이트를 하였습니다.
78% 완료했습니다. 시간: 101초
virtuos_trojan 업데이트를 하였습니다.
79% 완료했습니다. 시간: 103초
virtuos_spike 업데이트를 하였습니다.
81% 완료했습니다. 시간: 103초
virtuos_surge 업데이트를 하였습니다.
82% 완료했습니다. 시간: 105초
pax_bolt 업데이트를 하였습니다.
84% 완료했습니다. 시간: 106초
pax_charge 업데이트를 하였습니다.
85% 완료했습니다. 시간: 108초
pax_seeker 업데이트를 하였습니다.
86% 완료했습니다. 시간: 110초
pax_soar 업데이트를 하였습니다.
88% 완료했습니다. 시간: 111초
exodia_triumph 업데이트를 하였습니다.
89% 완료했습니다. 시간: 113초
exodia_valor 업데이트를 하였습니다.
90% 완료했습니다. 시간: 114초
exodia_brave 업데이트를 하였습니다.
92% 완료했습니다. 시간: 115초
exodia_force 업데이트를 하였습니다.
93% 완료했습니다. 시간: 117초
exodia_hunt 업데이트를 하였습니다.
95% 완료했습니다. 시간: 120초
exodia_might 업데이트를 하였습니다.
96% 완료했습니다. 시간: 121초
exodia_contagion 업데이트를 하였습니다.
97% 완료했습니다. 시간: 123초
exodia_epidemic 업데이트를 하였습니다.
99% 완료했습니다. 시간: 124초
업데이트가 모두 완료했습니다.
결산 중입니다.....
2020/08/28/10:05
업데이트를 마쳤습니다.
